<?xml version="1.0" encoding="UTF-8"?>
<testng-results ignored="0" total="1" passed="1" failed="0" skipped="0">
  <reporter-output>
  </reporter-output>
  <suite started-at="2024-04-17T05:27:25 IST" name="Default suite" finished-at="2024-04-17T05:27:38 IST" duration-ms="13880">
    <groups>
    </groups>
    <test started-at="2024-04-17T05:27:25 IST" name="Default test" finished-at="2024-04-17T05:27:38 IST" duration-ms="13880">
      <class name="org.wipro.auto.project.testcases.RegisterTC">
        <test-method is-config="true" signature="launchBrowser()[pri:0, instance:org.wipro.auto.project.testcases.RegisterTC@5824a83d]" started-at="2024-04-17T05:27:25 IST" name="launchBrowser" finished-at="2024-04-17T05:27:31 IST" duration-ms="6119" status="PASS">
          <reporter-output>
          </reporter-output>
        </test-method> <!-- launchBrowser -->
        <test-method signature="registerFunctionaility()[pri:0, instance:org.wipro.auto.project.testcases.RegisterTC@5824a83d]" started-at="2024-04-17T05:27:31 IST" name="registerFunctionaility" finished-at="2024-04-17T05:27:38 IST" duration-ms="7321" status="PASS">
          <reporter-output>
          </reporter-output>
        </test-method> <!-- registerFunctionaility -->
        <test-method is-config="true" signature="closeBrowser()[pri:0, instance:org.wipro.auto.project.testcases.RegisterTC@5824a83d]" started-at="2024-04-17T05:27:38 IST" name="closeBrowser" finished-at="2024-04-17T05:27:38 IST" duration-ms="366" status="PASS">
          <reporter-output>
          </reporter-output>
        </test-method> <!-- closeBrowser -->
      </class> <!-- org.wipro.auto.project.testcases.RegisterTC -->
    </test> <!-- Default test -->
  </suite> <!-- Default suite -->
</testng-results>
